[www.prateeknarang.com/index.html]
[backblue.gif]
[fade.gif]
[index.html]
[www.prateeknarang.com/screen.png]
[www.prateeknarang.com/resume/index.html]
[www.prateeknarang.com/style.1.delayed]
[cdnjs.cloudflare.com/ajax/libs/font-awesome/4.7.0/css/font-awesome.min.css]
[www.google-analytics.com/analytics.js]
[connect.facebook.net/en_US/sdk.js]
[www.prateeknarang.com/js/GameState.js]
[www.prateeknarang.com/js/PreloadState.js]
[www.prateeknarang.com/js/Bootstate.js]
[www.prateeknarang.com/index.html]
[www.prateeknarang.com/Main.js]
[www.prateeknarang.com/resume/style.css]
[www.prateeknarang.com/resume/index.html]
[www.prateeknarang.com/style.html]
[www.prateeknarang.com/resume/myresume.js]
[www.prateeknarang.com/phaser.min.js]
[cdnjs.cloudflare.com/ajax/libs/font-awesome/4.7.0/css/font-awesome.min.css]
[connect.facebook.net/en_US/sdk.js]
[www.prateeknarang.com/resume/style.css]
[www.prateeknarang.com/resume/script.js]
